C51 COMPILER V9.57.0.0   MAIN                                                              01/12/2024 14:26:33 PAGE 1   


C51 COMPILER V9.57.0.0, COMPILATION OF MODULE MAIN
OBJECT MODULE PLACED IN .\Objects\main.obj
COMPILER INVOKED BY: D:\Software\WorkSoftware\Keil5\C51\C51\BIN\C51.EXE main.c OPTIMIZE(8,SPEED) BROWSE DEBUG OBJECTEXTE
                    -ND PRINT(.\Listings\main.lst) TABS(2) OBJECT(.\Objects\main.obj)

line level    source

   1          //    @布丁橘长 20220711
   2          //    51单片机简易电子琴
   3          //    7个按键对应7个音调，给定时器0不同装载值，生成不同频率方波，扬声器发出对应声音
   4          //    PNP三极管（8550）驱动扬声器，STC89C52RC，11.0592MHz
   5          
   6          #include <reg51.h>                        //51通用头文件
   7          
   8          #define uchar unsigned char               //unsigned char 类型用uchar表示
   9          #define uint unsigned int                 //unsigned int  类型用uint 表示
  10            
  11          sbit Speaker = P1^0;                      //蜂鸣器/扬声器引脚
  12          
  13          void delayms(uint ms);
  14          void Timer0Init(void);
  15          void keyscan();
  16                            //音调  1    2     3     4     5     6     7
  17          uint code yindiao[8]={0,63778,63969,64140,64215,64360,64489,64603};//音调对应的定时器装载值
  18          uchar yd;                                 //音调变量（取数组yindiao[]对应的音调）
  19          void main()
  20          {
  21   1        Timer0Init();                           //定时器0初始化
  22   1        while(1)
  23   1        {
  24   2          keyscan();                            //循环扫描按键
  25   2        }
  26   1      }
  27          
  28          void delayms(uint ms)                     //1毫秒*ms简单延时函数
  29          {
  30   1        uint msi,msj;
  31   1        for(msi = 0;msi < ms;msi++)
  32   1          for(msj = 0;msj < 112;msj++);         //@11.0592MHz
  33   1      }
  34          
  35          void Timer0Init(void)                     //19微秒@11.0592MHz
  36          {
  37   1        TMOD |= 0x01;                           //设置定时器模式
  38   1        TL0 = 0x8B;                             //设置定时初始值
  39   1        TH0 = 0xF8;                             //设置定时初始值
  40   1        TR0 = 0;                                //定时器0开始计时
  41   1        ET0 = 1;                                //定时器0中断使能
  42   1        EA = 1;                                 //总中断使能
  43   1      }
  44          void keyscan()                            //按键扫描函数
  45          {
  46   1        if(P2 != 0xFF)                          //判断是否有按键
  47   1        {
  48   2          delayms(10);                          //延时去抖
  49   2          if(P2!= 0xFF)                         //再次判断是否有按键
  50   2          {
  51   3            switch (P2)                         //判断哪个按键
  52   3            {
  53   4              case 0xFE:yd = 1;TR0 = 1;break;   //key1
  54   4              case 0xFD:yd = 2;TR0 = 1;break;   //key2
C51 COMPILER V9.57.0.0   MAIN                                                              01/12/2024 14:26:33 PAGE 2   

  55   4              case 0xFB:yd = 3;TR0 = 1;break;   //key3
  56   4              case 0xF7:yd = 4;TR0 = 1;break;   //key4
  57   4              case 0xEF:yd = 5;TR0 = 1;break;   //key5  
  58   4              case 0xDF:yd = 6;TR0 = 1;break;   //key6
  59   4              case 0xBF:yd = 7;TR0 = 1;break;   //key7
  60   4              default:break;
  61   4            }
  62   3          }
  63   2          if(P2 == 0xFF) TR0 = 0;               //停止计时
  64   2        }
  65   1      }
  66          
  67          void Tmr0isr() interrupt 1                //定时器0中断函数
  68          { 
  69   1        TH0 = yindiao[yd]/256;                    //设置定时初始值
  70   1        TL0 = yindiao[yd]%256;                    //设置定时初始值
  71   1        Speaker = ~Speaker;                     //扬声器电平翻转
  72   1      }


MODULE INFORMATION:   STATIC OVERLAYABLE
   CODE SIZE        =    219    ----
   CONSTANT SIZE    =     16    ----
   XDATA SIZE       =   ----    ----
   PDATA SIZE       =   ----    ----
   DATA SIZE        =      1    ----
   IDATA SIZE       =   ----    ----
   BIT SIZE         =   ----    ----
END OF MODULE INFORMATION.


C51 COMPILATION COMPLETE.  0 WARNING(S),  0 ERROR(S)
