C251 COMPILER V5.60.0,  Key                                                                12/01/24  12:43:28  PAGE 1   


C251 COMPILER V5.60.0, COMPILATION OF MODULE Key
OBJECT MODULE PLACED IN .\Objects\Key.obj
COMPILER INVOKED BY: D:\WorkSoftware\Keil_C251\C251\BIN\C251.EXE Code\Key.c INTR2 BROWSE INCDIR(.\Code) DEBUG PRINT(.\Li
                    -stings\Key.lst) TABS(2) OBJECT(.\Objects\Key.obj) 

stmt  level    source

    1          #include "key.h" 
    2            
    3          unsigned char Key_Read(void)
    4          {
    5   1        unsigned char key_value;
    6   1        
    7   1        if(key0 == 1) key_value = 0;
    8   1        else if(key1 == 1) key_value = 1;
    9   1        else if(key2 == 1) key_value = 2;
   10   1        else if(key3 == 1) key_value = 3;
   11   1        else if(key4 == 1) key_value = 4;
   12   1        else if(key5 == 1) key_value = 5;
   13   1        else if(key6 == 1) key_value = 6;
   14   1        else if(key7 == 1) key_value = 7;
   15   1        else if(key8 == 1) key_value = 8;
   16   1        else if(key9 == 1) key_value = 9;
   17   1        else if(key10 == 1) key_value = 10;
   18   1        else if(key11 == 1) key_value = 11;
   19   1        
   20   1        else if(switch1 == 1) key_value = 12;
   21   1        else if(switch2 == 1) key_value = 13;
   22   1        else if(switch3 == 1) key_value = 14;
   23   1        else key_value = 15;
   24   1        
   25   1        return key_value;
   26   1      }


Module Information          Static   Overlayable
------------------------------------------------
  code size            =       189     ------
  ecode size           =    ------     ------
  data size            =    ------     ------
  idata size           =    ------     ------
  pdata size           =    ------     ------
  xdata size           =    ------     ------
  xdata-const size     =    ------     ------
  edata size           =    ------     ------
  bit size             =    ------     ------
  ebit size            =    ------     ------
  bitaddressable size  =    ------     ------
  ebitaddressable size =    ------     ------
  far data size        =    ------     ------
  huge data size       =    ------     ------
  const size           =    ------     ------
  hconst size          =    ------     ------
End of Module Information.


C251 COMPILATION COMPLETE.  0 WARNING(S),  0 ERROR(S)
