C251 COMPILER V5.60.0,  SOUND                                                              12/01/24  12:01:59  PAGE 1   


C251 COMPILER V5.60.0, COMPILATION OF MODULE SOUND
OBJECT MODULE PLACED IN .\Objects\SOUND.obj
COMPILER INVOKED BY: D:\WorkSoftware\Keil_C251\C251\BIN\C251.EXE Code\SOUND.c INTR2 BROWSE INCDIR(.\Code) DEBUG PRINT(.\
                    -Listings\SOUND.lst) TABS(2) OBJECT(.\Objects\SOUND.obj) 

stmt  level    source

*** WARNING C38 IN LINE 1 OF Code\SOUND.c: empty translation unit


Module Information          Static   Overlayable
------------------------------------------------
  code size            =    ------     ------
  ecode size           =    ------     ------
  data size            =    ------     ------
  idata size           =    ------     ------
  pdata size           =    ------     ------
  xdata size           =    ------     ------
  xdata-const size     =    ------     ------
  edata size           =    ------     ------
  bit size             =    ------     ------
  ebit size            =    ------     ------
  bitaddressable size  =    ------     ------
  ebitaddressable size =    ------     ------
  far data size        =    ------     ------
  huge data size       =    ------     ------
  const size           =    ------     ------
  hconst size          =    ------     ------
End of Module Information.


C251 COMPILATION COMPLETE.  1 WARNING(S),  0 ERROR(S)
