C251 COMPILER V5.60.0,  Timer                                                              12/01/24  14:35:50  PAGE 1   


C251 COMPILER V5.60.0, COMPILATION OF MODULE Timer
OBJECT MODULE PLACED IN .\Objects\Timer.obj
COMPILER INVOKED BY: D:\Software\WorkSoftware\Keil5\C251\C251\BIN\C251.EXE Code\Timer.c INTR2 BROWSE INCDIR(.\Code) DEBU
                    -G PRINT(.\Listings\Timer.lst) TABS(2) OBJECT(.\Objects\Timer.obj) 

stmt  level    source

    1          #include "Timer.h"
    2          
    3          //void Timer0_Init(void)    //19微秒@11.0592MHz
    4          //{
    5          //  AUXR |= 0x80;     //定时器时钟1T模式
    6          //  TMOD &= 0xF0;     //设置定时器模式
    7          //  TL0 = 0x2E;       //设置定时初始值
    8          //  TH0 = 0xFF;       //设置定时初始值
    9          //  TF0 = 0;        //清除TF0标志
   10          //  TR0 = 1;        //定时器0开始计时
   11          //  
   12          //  EA = 1;
   13          //}
   14          
   15          //void Delay10ms()    //@11.0592MHz
   16          //{
   17          //  unsigned char data i, j;
   18          
   19          //  i = 108;
   20          //  j = 145;
   21          //  do
   22          //  {
   23          //    while (--j);
   24          //  } while (--i);
   25          //}
   26          
   27          
   28          


Module Information          Static   Overlayable
------------------------------------------------
  code size            =    ------     ------
  ecode size           =    ------     ------
  data size            =    ------     ------
  idata size           =    ------     ------
  pdata size           =    ------     ------
  xdata size           =    ------     ------
  xdata-const size     =    ------     ------
  edata size           =    ------     ------
  bit size             =    ------     ------
  ebit size            =    ------     ------
  bitaddressable size  =    ------     ------
  ebitaddressable size =    ------     ------
  far data size        =    ------     ------
  huge data size       =    ------     ------
  const size           =    ------     ------
  hconst size          =    ------     ------
End of Module Information.


C251 COMPILATION COMPLETE.  0 WARNING(S),  0 ERROR(S)
